<?xml version="1.0" encoding="UTF-8"?>
<testng-results skipped="0" failed="0" ignored="0" total="2" passed="2">
  <reporter-output>
    <line>
      <![CDATA[CreateCustomer]]>
    </line>
  </reporter-output>
  <suite name="Suite" duration-ms="35169" started-at="2023-05-08T21:03:56 IST" finished-at="2023-05-08T21:04:31 IST">
    <groups>
    </groups>
    <test name="Test" duration-ms="35169" started-at="2023-05-08T21:03:56 IST" finished-at="2023-05-08T21:04:31 IST">
      <class name="com.sdet.Login_1">
        <test-method status="PASS" signature="Login()[pri:0, instance:com.sdet.Login_1@2f943d71]" name="Login" duration-ms="35096" started-at="2023-05-08T21:03:56 IST" finished-at="2023-05-08T21:04:31 IST">
          <reporter-output>
          </reporter-output>
        </test-method> <!-- Login -->
      </class> <!-- com.sdet.Login_1 -->
      <class name="com.sdet.Test1">
        <test-method status="PASS" signature="CreateCustomer()[pri:0, instance:com.sdet.Test1@2173f6d9]" name="CreateCustomer" duration-ms="5" started-at="2023-05-08T21:04:31 IST" finished-at="2023-05-08T21:04:31 IST">
          <reporter-output>
            <line>
              <![CDATA[CreateCustomer]]>
            </line>
          </reporter-output>
        </test-method> <!-- CreateCustomer -->
      </class> <!-- com.sdet.Test1 -->
    </test> <!-- Test -->
  </suite> <!-- Suite -->
</testng-results>
